<?xml version="1.0" encoding="UTF-8"?>
<!-- Generated by org.testng.reporters.JUnitXMLReporter -->
<testsuite hostname="WKSP000A51EA" ignored="0" name="Delete Returned Product" tests="1" failures="1" timestamp="2019-12-01T23:55:19 EST" time="0.008" errors="0">
  <testcase name="DeleteReturns" time="0.001" classname="com.training.functional.tests.DeleteReturnedProducts">
    <failure type="java.lang.NullPointerException">
      <![CDATA[java.lang.NullPointerException
at org.openqa.selenium.support.pagefactory.DefaultElementLocator.findElement(DefaultElementLocator.java:69)
at org.openqa.selenium.support.pagefactory.internal.LocatingElementHandler.invoke(LocatingElementHandler.java:38)
at com.sun.proxy.$Proxy10.click(Unknown Source)
at com.training.pom.DeleteReturnedProductsPOM.clickSaleIcon(DeleteReturnedProductsPOM.java:23)
at com.training.functional.tests.DeleteReturnedProducts.DeleteReturns(DeleteReturnedProducts.java:34)
at java.util.ArrayList.forEach(Unknown Source)
... Removed 27 stack frames]]>
    </failure>
  </testcase> <!-- DeleteReturns -->
</testsuite> <!-- Delete Returned Product -->
